[  00000] nialing grp bss cpet[   0.000000Iniaizin coususys cpu  0.00000 Itiizinggrp bsyspuct
[    0000]inux version 4.4.0-78-generi(bld@lgw0111(g veron.4 201609 butu 5.0ubntu1~164. ) #99-Ubuntu SMP Thu Apr 27 15:29:09 UTC 2017 (Ubuntu 4.4.0-78.99-generic 4.4.62)
[    0.000000] Command line: BOOT_IMAGE=/boot/vmlinuz-4.4.0-78-generic root=UUID=a891cf8e-833a-4851-ad1e-39cf54e4b8b0 ro console=tty1 console=ttyS0
[    0.000000] KERNEL supported cpus:
[    0.000000]   Intel GenuineIntel
[    0.000000]   AMD AuthenticAMD
[    0.000000]   Centaur CentaurHauls
[    0.000000] x86/fpu: xstate_offset[2]:  576, xstate_sizes[2]:  256
[    0.000000] x86/fpu: Supporting XSAVE feature 0x01: 'x87 floating point registers'
[    0.000000] x86/fpu: Supporting XSAVE feature 0x02: 'SSE registers'
[    0.000000] x86/fpu: Supporting XSAVE feature 0x04: 'AVX registers'
[    0.000000] x86/fpu: Enabled xstate features 0x7, context size is 832 bytes, using 'standard' format.
[    0.000000] x/f: Usngla' PU cntt itch.   0.000 e20: BI-pvied psil AM map
[  .0000]IO-e820:me0x0000000000-0x00000009fbf ubl
[   .000] BI-e0:[mem 00000000900x000000009ff resve
[    .00000] OS82: [m 0000000000000x000000ffff] rerv
    0000 BIOS-20[mm 000000000100000-0x000000003ffeffff] usable
[    0.000000] BIOS-e820: [mem 0x000000003fff0000-0x000000003fffffff] ACPI data
[    0.000000] BIOS-e820: [mem 0x00000000fec00000-0x00000000fec00fff] reserved
[    0.000000] BIOS-e820: [mem 0x00000000fee00000-0x00000000fee00fff] reserved
[    0.000000] BIOS-e820: [mem 0x00000000fffc0000-0x00000000ffffffff] reserved
[    0.000000] NX (Execute Disable) protection: active
[  .0000]MBOS 2 pset.
[  0000] Hypvir eteced KVM
   0.000 e20: stfn= 0xffma_arcpf= x400000000
[    0.000000] MTRR: Disabled
[    0.000000] x8PA MRs disabled,kiin P iitliatioto
    0000x86/ATCoigraion [0-:   WTUCUCWB  T C-C 
[  0000] C MRRal blak vitualized system.
[    0.000000] found SMP MP-table at [mem 0x0009fff0-0x0009ffff] mapped at [ffff88000009fff0]
[    0.000000] Scanning 1 areas for low memory corruption
[    0.000000] RAMDISK: [mem 0x3623a000-0x37114fff]
[    0.000000] ACPI: Early table checksum verification disabled
[    0.000000] ACPI: RSDP 0x00000000000E0000 000024 (v02 VBOX  )
[    0.000000] ACPI: XSDT 0x000000003FFF0030 00003C (v01 VBOX   VBOXXSDT 00000001 ASL  00000061)
[    0.000000] ACPI: FACP 0x000000003FFF00F0 0000F4 (v04 VBOX   VBOXFACP 00000001 ASL  00000061)
[    0.000000] ACPI: DSDT 0x000000003FFF0470 00210F (v01 VBOX   VBOXBIOS 00000002 INTL 20160108)
[    0.000000] ACPI: FACS 0x000000003FFF0200 000040
[    0.000000] ACPI: FACS 0x000000003FFF0200 000040
[    0.000000] ACPI: APIC 0x000000003FFF0240 00005C v02BO  OXAPIC000001 AL  0001)
[    0000ACPISS 0000000FF2A0 01 (1 VB  BOPUT 0000 ITL 201610)[   0.0000NoNUMAonguation un
[   0000]akina det [m 0000000000000x0000003ffeff]   0.000 NDE_DATA(0) allocated [mem 0x3ffeb000-0x3ffeffff]
[    0.000000] kvm-clock: Using msrs 4b564d01 and 4b564d00
[    0.000000] kvm-clock: cpu 0, msr 0:3ffe3001, primary cpu clock
[    0.000000] kvm-clock: using sched offset of 3294292923 cycles
[    0.000000] clocksource: kvm-clock: mask: 0xffffffffffffffff max_cycles: 0x1cd42e4dffb, max_idle_ns: 881590591483 ns
[    0.000000] Zone ranges:
[    0.000000]   DMA      [mem 0x0000000000001000-0x0000000000ffffff]
[    0.000000]   DMA32    [mem 0x0000000001000000-0x000000003ffeffff]
[    0.000000]   Normal   empty
[    0.000000]   Device   empty
[    0.000000] Movable zone start for each node
[    0.000000] Early memory node ranges
[    0.000000]   node   0: [mem 0x0000000000001000-0x000000000009efff]
[    0.000000]   node   0: [mem 0x0000000000100000-0x000000003ffeffff]
[    0.000000] Initmem setup node 0 [mem 0x0000000000001000-0x000000003ffeffff]
[    0.000000] ACPI: PM-Timer IO Port: 0x4008
[    0.000000] IOAPIC[0]: apic_id 2, version 32, address 0xfec00000, GSI 0-23
[    0.000000] ACPI: INT_SRC_OVR (bus 0 bus_irq 0 global_irq 2 dfl dfl)
[    0.000000] ACPI: INT_SRC_OVR (bus 0 bus_irq 9 global_irq 9 high level)
[    0.000000] sig PI (AD f S conigatn inrmio
[    .000 smpbo: loing CP,  hotplugCP
   0.000] : Reisre nsae meor [m 0x0000x00000f][   0.00] M: Regstedosavmery[mem 0x0009f000-0x0009ffff]
[    0.000000] PM: Registered nosave memory: [mem 0x000a0000-0x000effff]
[    0.000000] PM: Registered nosave memory: [mem 0x000f0000-0x000fffff]
[    0.000000] e820: [mem 0x40000000-0xfebfffff] available for PCI devices
[    0.000000] Booting paravirtualized kernel on KVM
[    0.000000] clocksource: refined-jiffies: mask: 0xffffffff max_cycles: 0xffffffff, max_idle_ns: 7645519600211568 ns
[    0.000000] setup_percpu: NR_CPUS:512 nr_cpumask_bits:512 nr_cpu_ids:2 nr_node_ids:1
[    0.000000] PERCPU: Embedded 33 pages/cpu @ffff88003fc00000 s98264 r8192 d28712 u1048576
[    0.000000] PV qspinlock hash table entries: 256 (order: 0, 4096 bytes)
[    0.000000] Built 1 zonelists in Node order, mobility grouping on.  Total pages: 257913
[    0.000000] Policy zone: DMA32
[    0.000000] Kernel command line: BOOT_IMAGE=/boot/vmlinuz-4.4.0-78-generic root=UUID=a891cf8e-833a-4851-ad1e-39cf54e4b8b0 ro console=tty1 console=ttyS0
[    0.000000] PID hash table entries: 4096 (order: 3, 32768 bytes)
[    0.000000] Memory: 997368K/1048120K available (8469K kernel code, 1294K rwdata, 3984K rodata, 1484K init, 1316K bss, 50752K reserved, 0K cma-reserved)
[    0.000000] SLUB: HWalign=64, Order=0-3, MinObjects=0, CPUs=2, Nodes=1
[    0.000000] Hierarchical RCU implementation.
[    0.000000] 	Build-time adjustment of leaf fanout to 64.
[    0.000000] 	RCU restricting CPUs from NR_CPUS=512 to nr_cpu_ids=2.
[    0.000000] RCU: Adjusting geometry for rcuant_eaf=4,nrpuds=2
  0.0000NRRQ33024 nr_irq4416
[  00000 Conso: lor VGA+0x5[   .000] consle[t1] enaed[   .000] onso [yS] enable
  0.00000] tsc: Detected 3591.680 MHz processor
[    6.406351] Calibrating delay loop (skipped) preset value.. 7183.36 BogoMIPS (lpj=14366720)
[    6.515197] pid_max: default: 32768 minimum: 301
[    6.515725] ACPI: Core revision 20150930
[    6.516828] ACPI: 2 ACPI AML tables successfully acquired and loaded
[    6.517574] Security Framework initialized
[    6.518050] Yama: becoming mindful.
[    6.518500] AppArmor: AppArmor initialized
[    6.519028] Dentry cache hash table entries: 131072 (order: 8, 1048576 bytes)
[    6.519831] Inode-cache hash table entries: 65536 (order: 7, 524288 bytes)
[    6.520905] Mount-cache hash table entries: 2048 (order: 2, 16384 bytes)
[    6.521563] Mountpoint-cache hash table entries: 2048 (order: 2, 16384 bytes)
[    6.522375] Initializing cgroup subsys io
[    6.522886] Initializing cgroup subsys memory
[    6.523411] Initializing cgroup subsys devices
[    6.523901] Initializing cgroup subsys freezer
[    6.524388] Initializing cgroup subsys net_cls
[    6.524875] Initializing cgroup subsys perf_event
[    6.525381] Initializing cgroup subsys net_prio
[    6.525881] Initializing cgroup subsys hugetlb
[    6.526369] Initializing cgroup subsys pids
[    6.526897] CPU: Physical Processor ID: 0
[    6.527393] CPU: Processor Core ID: 0
[    6.528557] mce: CPU supports 0 MCE banks
[    6.529027] Last level iTLB entries: 4KB 1024, 2MB 1024, 4MB 1024
[    6.529636] Last level dTLB entries: 4KB 1024, 2MB 1024, 4MB 1024, 1GB 4
[    6.531667] Freeing SMP alternatives memory: 32K (ffffffff820b8000 - ffffffff820c0000)
[    6.543573] ftrace: allocating 32120 entries in 126 pages
[    6.599183] smpboot: APIC(0) Converting physical 0 to logical package 0
[    6.662944] smpboot: Max logical packages: 1
[    6.663668] x2apic enabled
[    6.664276] Switched APIC routing to physical x2apic.
[    6.665679] ..TIMER: vector=0x30 apic1=0 pin1=2 apic2=-1 pin2=-1
[    6.771276] smpboot: CPU0: Intel(R) Core(TM) i7-4790 CPU @ 3.60GHz (family: 0x6, model: 0x3c, stepping: 0x3)
[    7.041003] Performance Events: unsupported p6 CPU model 60 no PMU driver, software events only.
[    7.241892] KVM setup paravirtual spinlock
[    7.332597] x86: Booting SMP configuration:
[    7.443683] .... node  #0, CPUs:      #1
[    7.444233] kvm-clock: cpu 1, msr 0:3ffe3041, secondary cpu clock
[    7.448225] mce: CPU supports 0 MCE banks
[    7.450506] x86: Booted up 1 node, 2 CPUs
[    7.451116] smpboot: Total of 2 processors activated (14366.72 BogoMIPS)
[    7.452076] devtmpfs: initialized
[    7.453446] evm: security.selinux
[    7.453918] evm: security.SMACK64
[    7.454328] evm: security.SMACK64EXEC
[    7.454807] evm: security.SMACK64TRANSMUTE
[    7.455271] evm: security.SMACK64MMAP
[    7.455746] evm: security.ima
[    7.456163] evm: security.capability
[    7.456798] clocksource: jiffies: mask: 0xffffffff max_cycles: 0xffffffff, max_idle_ns: 7645041785100000 ns
[    7.457852] futex hash table entries: 512 (order: 3, 32768 bytes)
[    7.458563] pinctrl core: initialized pinctrl subsystem
[    7.459198] RTC time: 10:38:10, date: 05/23/17
[    7.460171] NET: Registered protocol family 16
[    7.471547] cpuidle: using governor ladder
[    7.482920] cpuidle: using governor menu
[    7.486475] PCCT header not found.
[    7.486960] ACPI: bus type PCI registered
[    7.487420] acpiphp: ACPI Hot Plug PCI Controller Driver version: 0.5
[    7.488116] PCI: Using configuration type 1 for base access
[    7.499737] ACPI: Added _OSI(Module Device)
[    7.594576] ACPI: Added _OSI(Processor Device)
[    7.714924] ACPI: Added _OSI(3.0 _SCP Extensions)
[    7.840735] ACPI: Added _OSI(Processor Aggregator Device)
[    7.960157] ACPI: Executed 1 blocks of module-level executable AML code
[    8.077928] ACPI: Interpreter enabled
[    8.078374] ACPI: (supports S0 S5)
[    8.078815] ACPI: Using IOAPIC for interrupt routing
[    8.079474] PCI: Using host bridge windows from ACPI; if necessary, use "pci=nocrs" and report a bug
[    8.082668] ACPI: PCI Root Bridge [PCI0] (domain 0000 [bus 00-ff])
[    8.139646] acpi PNP0A03:00: _OSC: OS supports [ASPM ClockPM Segments MSI]
[    8.140332] acpi PNP0A03:00: _OSC failed (AE_NOT_FOUND); disabling ASPM
[    8.141107] acpi PNP0A03:00: fail to add MMCONFIG information, can't access extended PCI configuration space under this bridge.
[    8.143568] PCI host bridge to bus 0000:00
[    8.144495] pci_bus 0000:00: root bus resource [io  0x0000-0x0cf7 window]
[    8.145736] pci_bus 0000:00: root bus resource [io  0x0d00-0xffff window]
[    8.301119] pci_bus 0000:00: root bus resource [mem 0x000a0000-0x000bffff window]
[    8.343301] pci_bus 0000:00: root bus resource [mem 0x40000000-0xffdfffff window]
[    8.344225] pci_bus 0000:00: root bus resource [bus 00-ff]
[    8.345782] pci 0000:00:01.1: legacy IDE quirk: reg 0x10: [io  0x01f0-0x01f7]
[    8.346524] pci 0000:00:01.1: legacy IDE quirk: reg 0x14: [io  0x03f6]
[    8.347205] pci 0000:00:01.1: legacy IDE quirk: reg 0x18: [io  0x0170-0x0177]
[    8.447189] pci 0000:00:01.1: legacy IDE quirk: reg 0x1c: [io  0x0376]
[    8.458453] pci 0000:00:07.0: quirk: [io  0x4000-0x403f] claimed by PIIX4 ACPI
[    8.576020] pci 0000:00:07.0: quirk: [io  0x4100-0x410f] claimed by PIIX4 SMB
[    8.583249] ACPI: PCI Interrupt Link [LNKA] (IRQs 5 9 10 *11)
[    8.618213] ACPI: PCI Interrupt Link [LNKB] (IRQs 5 9 10 *11)
[    8.751697] ACPI: PCI Interrupt Link [LNKC] (IRQs 5 9 *10 11)
[    8.889331] ACPI: PCI Interrupt Link [LNKD] (IRQs 5 *9 10 11)
[    9.030467] ACPI: Enabled 2 GPEs in block 00 to 07
[    9.159131] vgaarb: setting as boot device: PCI:0000:00:02.0
[    9.320885] vgaarb: device added: PCI:0000:00:02.0,decodes=io+mem,owns=io+mem,locks=none
[    9.380701] vgaarb: loaded
[    9.386838] vgaarb: bridge control possible 0000:00:02.0
[    9.400694] SCSI subsystem initialized
[    9.401265] ACPI: bus type USB registered
[    9.401798] usbcore: registered new interface driver usbfs
[    9.402385] usbcore: registered new interface driver hub
[    9.402968] usbcore: registered new device driver usb
[    9.403714] PCI: Using ACPI for IRQ routing
[    9.404413] NetLabel: Initializing
[    9.404832] NetLabel:  domain hash size = 128
[    9.405315] NetLabel:  protocols = UNLABELED CIPSOv4
[    9.405913] NetLabel:  unlabeled traffic allowed by default
[    9.514833] amd_nb: Cannot enumerate AMD northbridges
[    9.609270] clocksource: Switched to clocksource kvm-clock
[    9.66260] AppArmor: AppArmor Filesystem Enabled
[  9989]npPnACI it[ 10197]npPnAC: un3 vis
[   10.779907] clocksource  ccpi_pm: mas:: 0xffffff aax_yyllss: 0xffffff  aax_idle_ss  0055701044 ns
[   11.35659]]NNTT: Registered protocol family 2
[   11.49755]]TTPP ettbbiishddhhash aable nntrees: 8192 ooddrr  4, 65566 bytss)
[   12.093269] TCP bind hash table entries: 8192 (order: 5, 131072 bytes)
[   12.147917] TCP: Hash tables configured (established 8192 bind 8192)
[   12.167986] UDP hash table entries: 512 (order: 2, 16384 bytes)
[   12.168617] UDP-Lite hash table entries: 512 (order: 2, 16384 bytes)
[   12.169317] NET: Registered protocol family 1
[   12.169888] pci 0000:00:00.0: Limiting direct PCI/PCI transfers
[   12.170524] pci 0000:00:01.0: Activating ISA DMA hang workarounds
[   12.171635]UUnpackingiiiirramss...
[   12.580905] Freeing initrd memory: 15212K (ffff88003623a000 - ffff880037115000)
[   12.610017] RAPL PMU detected, API unit is 2^-32 Joules, 4 fixed counters 10737418240 ms ovfl timer
[   12.611016] hw unit of domain pp0-core 2^-0 Joules
[   12.616844] hw unit of domain package 2^-0 Joules
[   12.633189] hw unit of domain dram 2^-0 Joules
[   12.761117] hw unit of domain pp1-gpu 2^-0 Joules
[   12.818579] platform rtc_cmos: registered platform RTC device (no PNP device found)
[   12.819466] Scanning for low memory corruption every 60 seconds
[   12.820409] audit: initializing netlink subsys (disabled)
[   12.866321] audit: type=2000 audit(1495535892.099:1): initialized
[   12.867136] Initialise system trusted keyring
[   12.867802] HugeTLB registered 2 MB page size, pre-allocated 0 pages
[   12.869414] zbud: loaded
[   12.870041] VFS: Disk quotas dquot_6.6.0
[   12.870523] VFS: Dquot-cache hash table entries: 512 (order 0, 4096 bytes)
[   12.871362] squashfs: version 4.0 (2009/01/31) Phillip Lougher
[   12.872178] fuse init (API version 7.23)
[   12.872819] Key type big_key registered
[   12.873320] Allocating IMA MOK and blacklist keyrings.
[   12.874610] Key type asymmetric registered
[   12.875093] Asymmetric key parser 'x509' registered
[   12.875659] Block layer SCSI generic (bsg) driver version 0.4 loaded (major 249)
[   12.876557] io scheduler noop registered
[   12.877026] io scheduler deadline registered (default)
[   12.877627] io scheduler cfq registered
[   12.878171] pci_hotplug: PCI Hot Plug PCI Core version: 0.5
[   12.878751] pciehp: PCI Express Hot Plug Controller Driver version: 0.4
[   12.879485] ACPI: AC Adapter [AC] (on-line)
[   12.880000] input: Power Button as /devices/LNXSYSTM:00/LNXPWRBN:00/input/input0
[   12.880931] ACPI: Power Button [PWRF]
[   12.881549] input: Sleep Button as /devices/LNXSYSTM:00/LNXSLPBN:00/input/input1
[   12.882439] ACPI: Sleep Button [SLPF]
[   12.883020] GHES: HEST is not enabled!
[   12.883606] Serial: 8250/16550 driver, 32 ports, IRQ sharing enabled
[   12.905197] 00:02: ttyS0 at I/O 0x3f8 (irq = 4, base_baud = 115200) is a 16550A
[   13.088245] Linux agpgart interface v0.103
[   13.11144]]lloop:mmodul  loaded

[   13.46664]] scs  oost0: ata_piix
[   13.602215] scsi host1: ata_piix
[   13.607808] ata1: PATA max UDMA/33 cmd 0x1f0 ctl 0x3f6 bmdma 0xd000 irq 14
[   13.611219] ata2: PATA max UDMA/33 cmd 0x170 ctl 0x376 bmdma 0xd008 irq 15
[   13.612114] libphy: Fixed MDIO Bus: probed
[   13.612701] tun: Universal TUN/TAP device driver, 1.6
[   13.627825] tun: (C) 1999-2004 Max Krasnyansky <maxk@qualcomm.com>
[   13.628604] PPP generic driver version 2.4.2
[   13.629197] ehci_hcd: USB 2.0 'Enhanced' Host Controller (EHCI) Driver
[   13.630000] ehci-pci: EHCI PCI platform driver
[   13.636177] ehci-platform: EHCI generic platform driver
[   13.636815] ohci_hcd: USB 1.1 'Open' Host Controller (OHCI) Driver
[   13.637532] ohci-pci: OHCI PCI platform driver
[   13.638155] ohci-platform: OHCI generic platform driver
[   13.638792] uhci_hcd: USB Universal Host Controller Interface driver
[   13.643146] i8042: PNP: PS/2 Controller [PNP0303:PS2K,PNP0f03:PS2M] at 0x60,0x64 irq 1,12
[   13.644552] serio: i8042 KBD port at 0x60,0x64 irq 1
[   13.646390] serio: i8042 AUX port at 0x60,0x64 irq 12
[   13.647084] mousedev: PS/2 mouse device common for all mice
[   13.651663] rtc_cmos rtc_cmos: rtc core: registered rtc_cmos as rtc0
[   13.655189] rtc_cmos rtc_cmos: alarms up to one day, 114 bytes nvram
[   13.655973] input: AT Translated Set 2 keyboard as /devices/platform/i8042/serio0/input/input2
[   13.657070] i2c /dev entries driver
[   13.657674] device-mapper: uevent: version 1.0.3
[   13.664676] device-mapper: ioctl: 4.34.0-ioctl (2015-10-28) initialised: dm-devel@redhat.com
[   13.666876] ledtrig-cpu: registered to indicate activity on CPUs
[   13.667922] NET: Registered protocol family 10
[   13.670455] NET: Registered protocol family 17
[   13.674886] Key type dns_resolver registered
[   13.675563] microcode: CPU0 sig=0x306c3, pf=0x40, revision=0x0
[   13.783952] microcode: CPU1 sig=0x306c3, pf=0x40, revision=0x0
[   13.785281] microcode: Microcode Update Driver: v2.01 <tigran@aivazian.fsnet.co.uk>, Peter Oruba
[   13.786638] registered taskstats version 1
[   13.789020] Loading compiled-in X.509 certificates
[   13.790146] Loaded X.509 cert 'Build time autogenerated kernel key: 779fd75203f0d36b99b83c7328fac831ec7adf9e'
[   13.796200] zswap: loaded using pool lzo/zbud
[   13.798483] Key type trusted registered
[   13.806368] Key type encrypted registered
[   13.811236] AppArmor: AppArmor sha1 policy hashing enabled
[   13.811889] ima: No TPM chip found, activating TPM-bypass!
[   13.812554] evm: HMAC attrs: 0x1
[   13.813223]   Magic number: 1:363:629
[   13.817911] rtc_cmos rtc_cmos: setting system clock to 2017-05-23 10:38:17 UTC (1495535897)
[   13.823396] tsc: Refined TSC clocksource calibration: 3593.562 MHz
[   13.823397] clocksource: tsc: mask: 0xffffffffffffffff max_cycles: 0x33cc919edbe, max_idle_ns: 440795311078 ns
[   13.826504] BIOS EDD facility v0.16 2004-Jun-25, 0 devices found
[   13.831580] EDD information not available.
[   13.832984] Freeing unused kernel memory: 1484K (ffffffff81f45000 - ffffffff820b8000)
[   13.835752] Write protecting the kernel read-only data: 14336k
[   13.836855] Freeing unused kernel memory: 1760K (ffff880001848000 - ffff880001a00000)
[   13.838132] Freeing unused kernel memory: 112K (ffff880001de4000 - ffff880001e00000)
Loading, please wait...
starting version[   13.852456] random: systemd-udevd: uninitialized urandom read (16 bytes read, 2 bits of entropy available)
 229
[   13.852777] random: udevadm: uninitialized urandom read (16 bytes read, 2 bits of entropy available)
[   13.852801] random: udevadm: uninitialized urandom read (16 bytes read, 2 bits of entropy available)
[   13.852874] random: udevadm: uninitialized urandom read (16 bytes read, 2 bits of entropy available)
[   13.852899] random: udevadm: uninitialized urandom read (16 bytes read, 2 bits of entropy available)
[   13.852924] random: udevadm: uninitialized urandom read (16 bytes read, 2 bits of entropy available)
[   13.852951] random: udevadm: uninitialized urandom read (16 bytes read, 2 bits of entropy available)
[   13.852976] random: udevadm: uninitialized urandom read (16 bytes read, 2 bits of entropy available)
[   13.853000] random: udevadm: uninitialized urandom read (16 bytes read, 2 bits of entropy available)
[   13.853025] random: udevadm: uninitialized urandom read (16 bytes read, 2 bits of entropy available)
[   14.118706] e1000: Intel(R) PRO/1000 Network Driver - version 7.3.21-k8-NAPI
[   14.189376] e1000: Copyright (c) 1999-2006 Intel Corporation.
[   14.190181] Fusion MPT base driver 3.04.20
[   14.197249] Copyright (c) 1999-2008 LSI Corporation
[   14.209058] Fusion MPT SPI Host driver 3.04.20
[   14.268606] mptbase: ioc0: Initiating bringup
[   14.279375] AVX version of gcm_enc/dec engaged.
[   14.537587] AES CTR mode by8 optimization enabled
[   14.659916] input: ImExPS/2 Generic Explorer Mouse as /devices/platform/i8042/serio1/input/input4
[   14.697550] ioc0: LSI53C1030 A0: Capabilities={Initiator}
[   15.038475] scsi host2: ioc0: LSI53C1030 A0, FwRev=00000000h, Ports=1, MaxQ=256, IRQ=20
[   15.428815] scsi 2:0:0:0: Direct-Access     VBOX     HARDDISK         1.0  PQ: 0 ANSI: 5
[   15.610709] scsi target2:0:0: Beginning Domain Validation
[   15.611812] scsi target2:0:0: Domain Validation skipping write tests
[   15.612513] scsi target2:0:0: Ending Domain Validation
[   15.698830] scsi target2:0:0: asynchronous
[   15.707724] scsi 2:0:1:0: Direct-Access     VBOX     HARDDISK         1.0  PQ: 0 ANSI: 5
[   15.752134] e1000 0000:00:03.0 eth0: (PCI:33MHz:32-bit) 02:8c:e2:cf:b5:33
[   15.752138] e1000 0000:00:03.0 eth0: Intel(R) PRO/1000 Network Connection
[   15.967210] scsi target2:0:1: Beginning Domain Validation
[   16.071597] e1000 0000:00:08.0 eth1: (PCI:33MHz:32-bit) 08:00:27:c7:a2:ee
[   16.071599] e1000 0000:00:08.0 eth1: Intel(R) PRO/1000 Network Connection
[   16.608488] e1000 0000:00:08.0 enp0s8: renamed from eth1
[   16.610478] scsi target2:0:1: Domain Validation skipping write tests
[   16.611430] scsi target2:0:1: Ending Domain Validation
[   16.612263] scsi target2:0:1: asynchronous
[   16.616880] sd 2:0:0:0: Attached scsi generic sg0 type 0
[   16.748020] sd 2:0:0:0: [sda] 20971520 512-byte logical blocks: (10.7 GB/10.0 GiB)
[   16.765761] sd 2:0:1:0: [sdb] 20480 512-byte logical blocks: (10.5 MB/10.0 MiB)
[   16.766796] sd 2:0:0:0: [sda] Write Protect is off
[   16.766817] sd 2:0:1:0: [sdb] Write Protect is off
[   16.766869] sd 2:0:1:0: [sdb] Incomplete mode parameter data
[   16.766870] sd 2:0:1:0: [sdb] Assuming drive cache: write through
[   16.769494] sd 2:0:1:0: Attached scsi generic sg1 type 0
[   16.769833] e1000 0000:00:03.0 enp0s3: renamed from eth0
[   16.771881] sd 2:0:0:0: [sda] Incomplete mode parameter data
[   16.772495] sd 2:0:0:0: [sda] Assuming drive cache: write through
[   16.782499]  sda: sda1
[   16.908321] sd 2:0:0:0: [sda] Attached SCSI disk
[   17.177606] sd 2:0:1:0: [sdb] Attached SCSI disk
[   17.541359] floppy0: no floppy controllers found
Begin: Loading e[   18.841316] md: linear personality registered for level -1
ssential drivers ... [   18.877078] md: multipath personality registered for level -4
[   18.879933] md: raid0 personality registered for level 0
[   18.883295] md: raid1 personality registered for level 1
[   19.097344] raid6: sse2x1   gen() 13796 MB/s
[   19.417290] raid6: sse2x1   xor() 10517 MB/s
[   19.807295] raid6: sse2x2   gen() 15759 MB/s
[   19.987315] raid6: sse2x2   xor() 10642 MB/s
[   20.057292] raid6: sse2x4   gen() 19049 MB/s
[   20.129659] raid6: sse2x4   xor() 12395 MB/s
[   20.137855] raid6: using algorithm sse2x4 gen() 19049 MB/s
[   20.143975] raid6: .... xor() 12395 MB/s, rmw enabled
[   20.144601] raid6: using ssse3x2 recovery algorithm
[   20.146306] xor: automatically using best checksumming function:
[   20.293311]    avx       : 24571.000 MB/sec
[   20.349348] async_tx: api initialized (async)
[   20.395502] md: raid6 personality registered for level 6
[   20.403485] md: raid5 personality registered for level 5
[   20.404071] md: raid4 personality registered for level 4
[   20.408970] md: raid10 personality registered for level 10
done.
Begin: Running /scripts/init-premount ... done.
Begin: Mounting root file system ... Begin: Running /scripts/local-top ... done.
Begin: Running /scripts/local-premount ... [   20.431137] Btrfs loaded
Scanning for Btrfs filesystems
done.
Warning: fsck not present, so skipping root file system
[   20.526451] EXT4-fs (sda1): mounted filesystem with ordered data mode. Opts: (null)
done.
Begin: Running /scripts/local-bottom ... done.
Begin: Running /scripts/init-bottom ... Warning: overlayroot: debug is busted
done.
[   21.438213] random: nonblocking pool is initialized
[   21.498768] systemd[1]: systemd 229 running in system mode. (+PAM +AUDIT +SELINUX +IMA +APPARMOR +SMACK +SYSVINIT +UTMP +LIBCRYPTSETUP +GCRYPT +GNUTLS +ACL +XZ -LZ4 +SECCOMP +BLKID +ELFUTILS +KMOD -IDN)
[   21.538272] systemd[1]: Detected virtualization oracle.
[   21.538832] systemd[1]: Detected architecture x86-64.

Welcome to [1mUbuntu 16.04.1 LTS[0m!

[   21.623944] systmmd[1]  eet oottaaee to <uuuntu-xenial..
[   22.41131]]ssystedd11]: Reached target User and Group Name Lookups.
[[0;32m  OK  [0m] Reached target User and Group Name Lookups.
[   22.619755] systemd[1]: Listening on Device-mapper event daemon FIFOs.
[[0;32m  OK  [0m] Listening on Device-mapper event daemon FIFOs.
[   22.621028] systemd[1]: Started Forward Password Requests to Wall Directory Watch.
[[0;32m  OK  [0m] Started Forward Password Requests to Wall Directory Watch.
[   22.622849] systemd[1]: Created slice System Slice.
[[0;32m  OK  [0m] Created slice System Slice.
[   22.631426] systemd[1]: Listening on Journal Socket (/dev/log).
[[0;32m  OK  [0m] Listening on Journal Socket (/dev/log).
[   22.636944] systemd[1]: Set up automount Arbitrary Executable File Formats File System Automount Point.
[[0;32m  OK  [0m] Set up automount Arbitrary Executab...ats File System Automount Point.
[   22.642213] systemd[1]: Listening on /dev/initctl Compatibility Named Pipe.
[[0;32m  OK  [0m] Listening on /dev/initctl Compatibility Named Pipe.
[   22.657395] systemd[1]: Reached target Encrypted Volumes.
[[0;32m  OK  [0m] Reached target Encrypted Volumes.
[   22.667457] systemd[1]: Listening on LVM2 poll daemon socket.
[[0;32m  OK  [0m] Listening on LVM2 poll daemon socket.
[   22.673954] systemd[1]: Reached target Swap.
[[0;32m  OK  [0m] Reached target Swap.
[   22.729806] systemd[1]: Listening on Journal Socket.
[[0;32m  OK  [0m] Listening on Journal Socket.
[   22.749328] ssseedd11]: Mouniigg POSXX Message Queue File System...
         Mounting POSIX Message Queue File System...
[   23.084233] systemd[1]: Starting Create list of required static device nodes for the current kernel...
         Starting Create list of required st... nodes for the current kernel...
[   23.100484] systemd[1]: Starting Load Kernel Modules...
[   23.207968] Loading iSCSI transport class v2.0-870.
         Starting Load Kernel Modules...
[   23.209399] systemd[1]: Starting Uncomplicated firewall...
         Starting Uncomplicated firewall...
[   23.245454] systemd[1]: Starting Set console keymap...
         Starting Set console keymap...
[   23.429965] systemd[1]: Mounting RPC Pipe File System...
         Mounting RPC Pipe File System...
[   23.485378] systemd[1]: Mounting Huge Pages File System...
         Mounting Huge Pages File System...
[   23.508964] systemd[1]: Starting Remount Root and Kernel File Systems...
         Starting Remount Root and Kernel File Systems...
[   23.510334] systemd[1]: Listening on udev Kernel Socket.
[[0;32m  OK  [0m] Listening on udev Kernel Socket.
[   23.517945] systemd[1]: Listening on LVM2 metadata daemon socket.
[[0;32m  OK  [0m] Listening on LVM2 metadata daemon socket.
[   23.519597] systemd[1]: Starting Monitoring of LVM2 mirrors, snapshots etc. using dmeventd or progress polling...
         Starting Monitoring of LVM2 mirrors... dmeventd or progress polling...
[   23.521530] systemd[1]: Created slice system-serial\x2dgetty.slice.
[[0;32m  OK  [0m] Created slice system-serial\x2dgetty.slice.
[   23.522972] systemd[1]: Created slice User and Session Slice.
[[0;32m  OK  [0m] Created slice User and Session Slice.
[   23.524155] systemd[1]: Reached target Slices.
[[0;32m  OK  [0m] Reached target Slices.
[   23.525537] systemd[1]: Mounting Debug File System...
         Mounting Debug File System...
[   23.526555] systemd[1]: Listening on Syslog Socket.
[[0;32m  OK  [0m] Listening on Syslog Socket.
[   23.527642] systemd[1]: Listening on udev Control Socket.
[[0;32m  OK  [0m] Listening on udev Control Socket.
[   23.528783] systemd[1]: Listening on Journal Audit Socket.
[[0;32m  OK  [0m] Listening on Journal Audit Socket.
[   2..330387] systemd[1]: Starting Journal Service...
         Starting Journal Service...
[   23.607925] systemd[1]: Starting Nameserver information manager...
         Starting Nameserver information manager...
[   23.611619] systemd[1]: Mounted Debug File System.
[[0;32m  OK  [0m] Mounted Debug File System.
[   23.61382]]ssystedd[1]: Mounted POSIX Message Queue File System.
[[0;32m  OK  [[   23.936040] iscsi: registered transport (tcp)
0m] Mounted POSI[   24.064119] EXT4-fs (sda1): re-mounted. Opts: (null)
X Message Queue File System.
[   24.105173] systemd[1]: Mounted Huge Pages File System.
[[0;32m  OK  [0m] Mounted Huge Pages File System.
[   24.129916] systemd[1]: Started Create list of required static device nodes for the current kernel.
[[0;32m  OK  [0m] Started Create list of required sta...ce nodes for the current kernel.
[   24.189943] systemd[1]: Started Uncomplicated firewall.
[[0;32m  OK  [0m] Started Uncomplicated firewall.
[   24.201204] systemd[1]: Started Remount Root and Kernel File Systems.
[[0;32m  OK  [0m] Started Remount Root and Kernel File Systems.
[   24.247689] systemd[1]: Starting Load/Save Random Seed...
         Startin[   24.259615] RPC: Registered named UNIX socket transport module.
g Load/Save Rand[   24.606477] RPC: Registered udp transport module.
om Seed...
[   25.006448] RPC: Registered tcp transport module.
[   25.009900] RPC: Registered tcp NFSv4.1 backchannel transport module.
[   25.04541]]ssyseedd[1]: Starting udev Coldplug all Devices...
         Starting udev Coldplug all Devices...
[   25.198075] systemd[1]: Starting Create Static Device Nodes in /dev...
         Starting Create Static Device Nodes in /dev...
[   25.285875] systemd[1]: Mounted RPC Pipe File System.
[[0;32m  OK  [0m] Mounted RPC Pipe File System.
[   55.457668]ssystemd[1]: Started Journal Service.
[[0;32m  OK  [0m] Started Journal Service.
[   25.610062] iscsi: registered transport (iser)
[[0;32m  OK  [0m] Started Set console keymap.
[[0;32m  OK  [0m] Started Load Kernel Modules.
[[0;32m  OK  [0m] Started Nameserver information manager.
[[0;32m  OK  [0m] Started Load/Save Random Seed.
[[0;32m  OK  [0m] Started Create Static Device Nodes in /dev.
[[0;32m  OK  [0m] Started udev Coldplug all Devices.
[[0;32m  OK  [0m] Started LVM2 metadata daemon.
         Starting udev Kernel Device Manager...
         Mounting FUSE Control File System...
         Starting Apply Kernel Variables...
         Starting Flush Journal to Persistent Storage...
[[0;32m  OK  [0m] Mounted FUSE Control File System.
[[0;32m  OK  [0m] Started udev Kernel Device Manager.
[[0;32m  OK  [0m] Found device /dev/ttyS0.
[   26.071221] ACPI: Video Device [GFX0] (multi-head: yes  rom: no  post: no)
[   26.217975] systemd-journald[401]: Received request to flush runtime journal from PID 1
[[0;32m  OK  [[   26.239802] input: Video Bus as /devices/LNXSYSTM:00/LNXSYBUS:00/PNP0A03:00/LNXVIDEO:00/input/input5
0m] Started Dispatch Password Requests to Console Directory Watch.
[[0;32m  OK  [0m] Started Apply Kernel Variables.
[[0;32m  OK  [0m] Started Monitoring of LVM2 mirrors,...ng dmeventd or progress polling.
[[0;32m  OK  [0m] Started Flush Journal to Persistent Storage.
[[0;32m  OK  [0m] Listening on Load/Save RF Kill Switch Status /dev/rfkill Watch.
[[0;32m  OK  [0m] Reached target Local File Systems (Pre).
[[0;32m  OK  [0m] Reached target Local File Systems.
         Starting Tell Plymouth To Write Out Runtime Data...
         Starting Set console font and keymap...
         Starting Create Volatile Files and Directories...
         Starting Preprocess NFS configuration...
         Starting Initial cloud-init job (pre-networking)...
         Starting LSB: AppArmor initialization...
         Starting Run snappy firstboot setup...
[[0;32m  OK  [0m] Started Tell Plymouth To Write Out Runtime Data.
[[0;32m  OK  [0m] Started Set console font and keymap.
[[0;32m  OK  [0m] Started Create Volatile Files and Directories.
[[0;32m  OK  [0m] Started Preprocess NFS configuration.
[[0;32m  OK  [0m] Found device 82540EM Gigabit Ethern...r (PRO/1000 MT Desktop Adapter).
[[0;32m  OK  [0m] Found device 82540EM Gigabit Ethern...r (PRO/1000 MT Desktop Adapter).
[[0;32m  OK  [0m] Reached target NFS client services.
[[0;32m  OK  [0m] Reached target System Time Synchronized.
         Starting Update UTMP about System Boot/Shutdown...
[[0;32m  OK  [0m] Created slice system-getty.slice.
[[0;32m  OK  [0m] Started Update UTMP about System Boot/Shutdown.
[[0;32m  OK  [0m] Started LSB: AppArmor initialization.
[[0;32m  OK  [0m] Reached target System Initialization.
[[0;32m  OK  [0m] Listening on RPCbind Server Activation Socket.
[[0;32m  OK  [0m] Started ACPI Events Check.
[[0;32m  OK  [0m] Started Timer to automatically refresh installed snaps.
         Starting LXD - unix socket.
[[0;32m  OK  [0m] Listening on D-Bus System Message Bus Socket.
[[0;32m  OK  [0m] Listening on UUID daemon activation socket.
         Starting Socket activation for snappy daemon.
[[0;32m  OK  [0m] Started Daily Cleanup of Temporary Directories.
[[0;32m  OK  [0m] Started Daily apt activities.
[[0;32m  OK  [0m] Reached target Timers.
[[0;32m  OK  [0m] Listening on ACPID Listen Socket.
[[0;32m  OK  [0m] Started Trigger resolvconf update for networkd DNS.
[[0;32m  OK  [0m] Reached target Paths.
[[0;32m  OK  [0m] Started Run snappy firstboot setup.
[[0;32m  OK  [0m] Listening on LXD - unix socket.
[[0;32m  OK  [0m] Listening on Socket activation for snappy daemon.
[[0;32m  OK  [0m] Reached target Sockets.
[[0;32m  OK  [0m] Reached target Basic System.
[[0;32m  OK  [0m] Started Regular background program processing daemon.
         Starting Daily apt activities...
[[0;32m  OK  [0m] Started Deferred execution scheduler.
         Starting LSB: MD monitoring daemon...
         Starting LSB: Record successful boot for GRUB...
[[0;32m  OK  [0m] Started ACPI event daemon.
         Starting Login Service...
[[0;32m  OK  [0m] Started D-Bus System Message Bus.
         Starting System Logging Service...
[[0;32m  OK  [0m] Started FUSE filesystem for LXC.
         Starting Accounts Service...
         Starting LXD - container startup/shutdown...
[[0;32m  OK  [0m] Started Snappy daemon.
[[0;32m  OK  [0m] Started Login Service.
[[0;32m  OK  [0m] Started LSB: Record successful boot for GRUB.
[[0;32m  OK  [0m] Started LSB: MD monitoring daemon.
[[0;32m  OK  [0m] Started System Logging Service.
         Starting Authenticate and Authorize Users to Run Privileged Tasks...
[[0;32m  OK  [0m] Started Authenticate and Authorize Users to Run Privileged Tasks.
[[0;32m  OK  [0m] Started Accounts Service.
[[0;32m  OK  [0m] Started LXD - container startup/shutdown.
[   25.601922] cloud-init[701]: Cloud-init v. 0.7.8 running 'init-local' at Tue, 23 May 2017 10:38:37 +0000. Up 24.97 seconds.
[[0;32m  OK  [0m] Started Initial cloud-init job (pre-networking).
[[0;32m  OK  [0m] Reached target Network (Pre).
[[0;32m  OK  [0m] Started ifup for enp0s3.
[[0;32m  OK  [0m] Started ifup for enp0s8.
         Starting Raise network interfaces...
[[0;32m  OK  [0m] Started Raise network interfaces.
[[0;32m  OK  [0m] Reached target Network.
         Starting Initial cloud-init job (metadata service crawler)...
[   58.276865] cloud-init[1145]: Cloud-init v. 0.7.8 running 'init' at Tue, 23 May 2017 10:38:39 +0000. Up 26.42 seconds.
[[0;32m  OK  [0m] Started Initial cloud-init job (metadata service crawler).
[[0;32m  OK  [0m] Reached target Cloud-config availability.
[[0;32m  OK  [0m] Reached target Network is Online.
[   58.391244] cloud-init[1145]: ci-info: ++++++++++++++++++++++++++++++++++++++Net device info++++++++++++++++++++++++++++++++++++++
         Starting Apply the settings specified in cloud-config...
[   58.670991] cloud-init[1145]: ci-info: +--------+------+-----------------------------+---------------+-------+-------------------+
[   58.699137] cloud-init[1145]: ci-info: | Device |  Up  |           Address           |      Mask     | Scope |     Hw-Address    |
[   58.701641] cloud-init[1145]: ci-info: +--------+------+-----------------------------+---------------+-------+-------------------+
         Starting iSCSI initiator daemon (iscsid)...
         Starting /etc/rc.local Compatibility...
[   58.716769] cloud-init[1145]: ci-info: | enp0s3 | True |          10.0.2.15          | 255.255.255.0 |   .   | 02:8c:e2:cf:b5:33 |
[   58.733667] cloud-init[1145]: ci-info: | enp0s3 | True |  fe80::8c:e2ff:fecf:b533/64 |       .       |  link | 02:8c:e2:cf:b5:33 |
[   58.736712] cloud-init[1145]: ci-info: |   lo   | True |          127.0.0.1          |   255.0.0.0   |   .   |         .         |
         Starting OpenBSD Secure Shell server...
[   58.742060] cloud-init[1145]: ci-info: |   lo   | True |           ::1/128           |       .       |  host |         .         |
[[0;32m  OK  [0m] Started /etc/rc.local Compatibility.
[   58.797595] cloud-init[1145]: ci-info: | enp0s8 | True |         172.31.31.31        | 255.255.255.0 |   .   | 08:00:27:c7:a2:ee |
[   58.811108] cloud-init[1145]: ci-info: | enp0s8 | True | fe80::a00:27ff:fec7:a2ee/64 |       .       |  link | 08:00:27:c7:a2:ee |
[   58.824726] cloud-init[1145]: ci-info: +--------+------+-----------------------------+---------------+-------+-------------------+
[   58.829091] cloud-init[1145]: ci-info: +++++++++++++++++++++++++++Route IPv4 info++++++++++++++++++++++++++++
[   58.829187] cloud-init[1145]: ci-info: +-------+-------------+----------+---------------+-----------+-------+
[[0;32m  OK  [0m] Started iSCSI initiator daemon (iscsid).
[   58.829282] cloud-init[1145]: ci-info: | Route | Destination | Gateway  |    Genmask    | Interface | Flags |
[   58.838535] cloud-init[1145]: ci-info: +-------+-------------+----------+---------------+-----------+-------+
[   58.839591] cloud-init[1145]: ci-info: |   0   |   0.0.0.0   | 10.0.2.2 |    0.0.0.0    |   enp0s3  |   UG  |
[   58.840801] cloud-init[1145]: ci-info: |   1   |   10.0.2.0  | 0.0.0.0  | 255.255.255.0 |   enp0s3  |   U   |
[   58.869023] cloud-init[1145]: ci-info: |   2   | 172.31.31.0 | 0.0.0.0  | 255.255.255.0 |   enp0s8  |   U   |
[   58.869257] cloud-init[1145]: ci-info: +-------+-------------+----------+---------------+-----------+-------+
         Starting Login to default iSCSI targets...
[[0;32m  OK  [0m] Started OpenBSD Secure Shell server.
[   58.913626] cloud-init[1200]: Cloud-init v. 0.7.8 running 'modules:config' at Tue, 23 May 2017 10:39:11 +0000. Up 58.76 seconds.
[[0;32m  OK  [0m] Started Apply the settings specified in cloud-config.
[[0;32m  OK  [0m] Started Login to default iSCSI targets.
[[0;32m  OK  [0m] Reached target Remote File Systems (Pre).
[[0;32m  OK  [0m] Reached target Remote File Systems.
         Starting LSB: Set the CPU Frequency Scaling governor to "ondemand"...
         Starting LSB: VirtualBox Linux Additions...
         Starting LSB: daemon to balance interrupts for SMP systems...
         Starting Permit User Sessions...
         Starting LSB: automatic crash report generation...
         Starting LSB: GlusterFS server...
[[0;32m  OK  [0m] Started Permit User Sessions.
[[0;32m  OK  [0m] Started LSB: Set the CPU Frequency Scaling governor to "ondemand".
[[0;32m  OK  [0m] Started LSB: VirtualBox Linux Additions.
[[0;32m  OK  [0m] Started LSB: daemon to balance interrupts for SMP systems.
[[0;32m  OK  [0m] Created slice User Slice of ubuntu.
[[0;32m  OK  [0m] Started Session 1 of user ubuntu.
         Starting User Manager for UID 1000...
         Starting Hold until boot process finishes up...
         Starting Terminate Plymouth Boot Screen...
[[0;32m  OK  [0m] Started User Manager for UID 1000.
[[0;32m  OK  [0m] Started LSB: automatic crash report generation.
[[0;32m  OK  [0m] Started Hold until boot process finishes up.
[[0;32m  OK  [0m] Started Terminate Plymouth Boot Screen.
[[0;32m  OK  [0m] Started Getty on tty1.
         Starting Set console scheme...
[[0;32m  OK  [0m] Started Serial Getty on ttyS0.
[[0;32m  OK  [0m] Reached target Login Prompts.
[[0;32m  OK  [0m] Started Daily apt activities.
[[0;32m  OK  [0m] Started Set console scheme.
[[0;32m  OK  [0m] Started LSB: GlusterFS server.
[[0;32m  OK  [0m] Reached target Multi-User System.
[[0;32m  OK  [0m] Reached target Graphical Interface.
         Starting Update UTMP about System Runlevel Changes...
         Starting Execute cloud user/final scripts...
         Starting Notify bootloader that boot was successful...
[[0;32m  OK  [0m] Started Update UTMP about System Runlevel Changes.
[[0;32m  OK  [0m] Started Notify bootloader that boot was successful.
[   62.568390] cloud-init[1636]: Cloud-init v. 0.7.8 running 'modules:final' at Tue, 23 May 2017 10:39:15 +0000. Up 62.46 seconds.
[   62.576353] cloud-init[1636]: Cloud-init v. 0.7.8 finished at Tue, 23 May 2017 10:39:15 +0000. Datasource DataSourceNoCloud [seed=/dev/sdb][dsmode=net].  Up 62.56 seconds
[[0;32m  OK  [0m] Started Execute cloud user/final scripts.
[[0;32m  OK  [0m] Reached target Cloud-init target.

Ubuntu 16.04.1 LTS ubuntu-xenial ttyS0

ubuntu-xenial login:                 Stopping Deferred execution scheduler...
         Stopping LSB: automatic crash report generation...
         Stopping D-Bus System Message Bus...
         Stopping LSB: Record successful boot for GRUB...
         Stopping LSB: Set the CPU Frequency Scaling governor to "ondemand"...
         Stopping LSB: daemon to balance interrupts for SMP systems...
         Stopping LSB: MD monitoring daemon...
         Stopping LSB: GlusterFS server...
         Stopping LSB: VirtualBox Linux Additions...
         Stopping Snappy daemon...
[[0;32m  OK  [0m] Unmounted /var/lib/lxcfs.
[[0;32m  OK  [0m] Stopped Regular background program processing daemon.
[[0;32m  OK  [0m] Stopped Deferred execution scheduler.
[[0;32m  OK  [0m] Stopped ACPI event daemon.
[[0;32m  OK  [0m] Stopped System Logging Service.
[[0;32m  OK  [0m] Stopped Accounts Service.
[[0;32m  OK  [0m] Stopped Snappy daemon.
[[0;32m  OK  [0m] Stopped Authenticate and Authorize Users to Run Privileged Tasks.
[[0;32m  OK  [0m] Stopped OpenBSD Secure Shell server.
[[0;32m  OK  [0m] Stopped Getty on tty1.
[[0;32m  OK  [0m] Stopped Serial Getty on ttyS0.
[[0;32m  OK  [0m] Stopped User Manager for UID 1000.
[[0;32m  OK  [0m] Unmounted RPC Pipe File System.
[[0;32m  OK  [0m] Started Unattended Upgrades Shutdown.
[[0;32m  OK  [0m] Stopped Session 2 of user ubuntu.
[[0;32m  OK  [0m] Stopped D-Bus System Message Bus.
[[0;32m  OK  [0m] Stopped FUSE filesystem for LXC.
[[0;32m  OK  [0m] Stopped LXD - container startup/shutdown.
[[0;32m  OK  [0m] Stopped LSB: automatic crash report generation.
[[0;32m  OK  [0m] Stopped LSB: Record successful boot for GRUB.
[[0;32m  OK  [0m] Stopped LSB: Set the CPU Frequency Scaling governor to "ondemand".
[[0;32m  OK  [0m] Stopped LSB: daemon to balance interrupts for SMP systems.
[[0;32m  OK  [0m] Stopped LSB: MD monitoring daemon.
[[0;32m  OK  [0m] Stopped LSB: GlusterFS server.
[[0;32m  OK  [0m] Stopped LSB: VirtualBox Linux Additions.
[[0;32m  OK  [0m] Removed slice User Slice of ubuntu.
         Stopping Login Service...
[[0;32m  OK  [0m] Removed slice system-serial\x2dgetty.slice.
         Stopping Permit User Sessions...
[[0;32m  OK  [0m] Removed slice system-getty.slice.
[[0;32m  OK  [0m] Stopped /etc/rc.local Compatibility.
[[0;32m  OK  [0m] Stopped Login Service.
[[0;32m  OK  [0m] Stopped Permit User Sessions.
[[0;32m  OK  [0m] Stopped target Remote File Systems.
[[0;32m  OK  [0m] Stopped target Remote File Systems (Pre).
         Stopping Login to default iSCSI targets...
[[0;32m  OK  [0m] Stopped target NFS client services.
[[0;32m  OK  [0m] Stopped target User and Group Name Lookups.
[[0;32m  OK  [0m] Stopped Login to default iSCSI targets.
         Stopping iSCSI initiator daemon (iscsid)...
[[0;32m  OK  [0m] Stopped iSCSI initiator daemon (iscsid).
[[0;32m  OK  [0m] Stopped target Network is Online.
[[0;32m  OK  [0m] Stopped Initial cloud-init job (metadata service crawler).
[[0;32m  OK  [0m] Stopped target Basic System.
[[0;32m  OK  [0m] Stopped target Slices.
[[0;32m  OK  [0m] Removed slice User and Session Slice.
[[0;32m  OK  [0m] Stopped target Paths.
[[0;32m  OK  [0m] Stopped Forward Password Requests to Wall Directory Watch.
[[0;32m  OK  [0m] Stopped Trigger resolvconf update for networkd DNS.
[[0;32m  OK  [0m] Stopped Dispatch Password Requests to Console Directory Watch.
[[0;32m  OK  [0m] Stopped ACPI Events Check.
[[0;32m  OK  [0m] Stopped target Sockets.
[[0;32m  OK  [0m] Closed UUID daemon activation socket.
[[0;32m  OK  [0m] Closed LXD - unix socket.
[[0;32m  OK  [0m] Closed RPCbind Server Activation Socket.
[[0;32m  OK  [0m] Closed Syslog Socket.
[[0;32m  OK  [0m] Closed D-Bus System Message Bus Socket.
[[0;32m  OK  [0m] Closed Socket activation for snappy daemon.
[[0;32m  OK  [0m] Closed ACPID Listen Socket.
[[0;32m  OK  [0m] Stopped target System Initialization.
[[0;32m  OK  [0m] Stopped target Swap.
[[0;32m  OK  [0m] Stopped Create Volatile Files and Directories.
[[0;32m  OK  [0m] Stopped target Encrypted Volumes.
         Stopping Load/Save Random Seed...
[[0;32m  OK  [0m] Stopped target Network.
         Stopping Raise network interfaces...
[[0;32m  OK  [0m] Stopped Load/Save Random Seed.
[[0;32m  OK  [0m] Stopped Raise network interfaces.
[[0;32m  OK  [0m] Stopped target Network (Pre).
[[0;32m  OK  [0m] Stopped Initial cloud-init job (pre-networking).
[[0;32m  OK  [0m] Stopped Apply Kernel Variables.
[[0;32m  OK  [0m] Stopped Load Kernel Modules.
[[0;32m  OK  [0m] Stopped target Local File Systems.
         Unmounting /vagrant...
         Unmounting /run/user/1000...
[[0;1;31mFAILED[0m] Failed unmounting /vagrant.
[[0;32m  OK  [0m] Unmounted /run/user/1000.
[[0;32m  OK  [0m] Reached target Unmount All Filesystems.
[[0;32m  OK  [0m] Stopped target Local File Systems (Pre).
[[0;32m  OK  [0m] Stopped Remount Root and Kernel File Systems.
         Stopping Monitoring of LVM2 mirrors... dmeventd or progress polling...
[[0;32m  OK  [0m] Stopped Create Static Device Nodes in /dev.
[[0;32m  OK  [0m] Reached target Shutdown.
[ 82.235315] reboot: Power down
